<?xml version="1.0" encoding="UTF-8"?>
<!-- Generated by org.testng.reporters.JUnitReportReporter -->
<testsuite hostname="LAPTOP-J0U65P4F" failures="0" tests="5" name="TestngJekins.TestCase2" time="0.009" errors="0" timestamp="2023-09-14T23:14:09 IST" skipped="0">
  <testcase classname="TestngJekins.TestCase2" name="ld" time="0.001"/>
  <testcase classname="TestngJekins.TestCase2" name="sl" time="0.002"/>
  <testcase classname="TestngJekins.TestCase2" name="cn" time="0.003"/>
  <testcase classname="TestngJekins.TestCase2" name="po" time="0.001"/>
  <testcase classname="TestngJekins.TestCase2" name="sa" time="0.002"/>
</testsuite> <!-- TestngJekins.TestCase2 -->
