<?xml version="1.0" encoding="UTF-8"?>
<!-- Generated by org.testng.reporters.JUnitReportReporter -->
<testsuite hostname="LAPTOP-J0U65P4F" failures="0" tests="5" name="TestngJekins.TestCase1" time="0.017" errors="0" timestamp="2023-09-14T23:14:09 IST" skipped="0">
  <testcase classname="TestngJekins.TestCase1" name="ca" time="0.003"/>
  <testcase classname="TestngJekins.TestCase1" name="ja" time="0.002"/>
  <testcase classname="TestngJekins.TestCase1" name="ge" time="0.001"/>
  <testcase classname="TestngJekins.TestCase1" name="as" time="0.010"/>
  <testcase classname="TestngJekins.TestCase1" name="tl" time="0.001"/>
</testsuite> <!-- TestngJekins.TestCase1 -->
